2015-08-17 10:37:29: -- Analysis Started by User
2015-08-17 10:37:42: Changes: 181, Conflicts: 0, CopyTime: 0, CopyState: 0/0, Errors: 0, All: 586
2015-08-17 10:37:42: Left to Right: Copy File: 180 Delete File: 1 
2015-08-17 10:37:42: -- Analysis Complete. Time 00:00:14, Speed: 41 files/s
2015-08-17 10:37:42: 
2015-08-17 10:37:54: Done.
2015-08-17 10:38:07: Done.
2015-08-17 10:38:08: Done.
2015-08-17 10:38:14: Done.
2015-08-17 10:38:25: == Sync Started by User
2015-08-17 10:38:32: Delete File 'ftp://ftp.offshoregit.com/zips/plugin.video.pftvso/plugin.video.pftvso-0.0.1.rar'
2015-08-17 10:38:32: Create Folder 'ftp://ftp.offshoregit.com/plugin.video.pftvso/icons/pftv'
2015-08-17 10:38:32: Create Folder 'ftp://ftp.offshoregit.com/zips/plugin.video.pftvso/icons/pftv'
2015-08-17 10:38:32: Copy Over 'C:/Users/Natko/Desktop/Natko/GIT/repo.natko1412/addons.xml' -> 'ftp://ftp.offshoregit.com/addons.xml'
2015-08-17 10:38:33: Copy Over 'C:/Users/Natko/Desktop/Natko/GIT/repo.natko1412/addons.xml.md5' -> 'ftp://ftp.offshoregit.com/addons.xml.md5'
2015-08-17 10:38:33: Copy Over 'C:/Users/Natko/Desktop/Natko/GIT/repo.natko1412/plugin.video.pftvso/addon.xml' -> 'ftp://ftp.offshoregit.com/plugin.video.pftvso/addon.xml'
2015-08-17 10:38:34: Copy Over 'C:/Users/Natko/Desktop/Natko/GIT/repo.natko1412/plugin.video.pftvso/changelog.txt' -> 'ftp://ftp.offshoregit.com/plugin.video.pftvso/changelog.txt'
2015-08-17 10:38:35: Copy Over 'C:/Users/Natko/Desktop/Natko/GIT/repo.natko1412/plugin.video.pftvso/commondownloader.py' -> 'ftp://ftp.offshoregit.com/plugin.video.pftvso/commondownloader.py'
2015-08-17 10:38:39: Copy Over 'C:/Users/Natko/Desktop/Natko/GIT/repo.natko1412/plugin.video.pftvso/commondownloader.pyo' -> 'ftp://ftp.offshoregit.com/plugin.video.pftvso/commondownloader.pyo'
2015-08-17 10:38:47: Copy Over 'C:/Users/Natko/Desktop/Natko/GIT/repo.natko1412/plugin.video.pftvso/default.py' -> 'ftp://ftp.offshoregit.com/plugin.video.pftvso/default.py'
2015-08-17 10:39:09: Copy Over 'C:/Users/Natko/Desktop/Natko/GIT/repo.natko1412/plugin.video.pftvso/fanart.jpg' -> 'ftp://ftp.offshoregit.com/plugin.video.pftvso/fanart.jpg'
2015-08-17 10:39:15: Copy Over 'C:/Users/Natko/Desktop/Natko/GIT/repo.natko1412/plugin.video.pftvso/icon.png' -> 'ftp://ftp.offshoregit.com/plugin.video.pftvso/icon.png'
2015-08-17 10:39:17: Copy New 'C:/Users/Natko/Desktop/Natko/GIT/repo.natko1412/plugin.video.pftvso/icons/pftv/0.png' -> 'ftp://ftp.offshoregit.com/plugin.video.pftvso/icons/pftv/0.png'
2015-08-17 10:39:19: Copy New 'C:/Users/Natko/Desktop/Natko/GIT/repo.natko1412/plugin.video.pftvso/icons/pftv/1.png' -> 'ftp://ftp.offshoregit.com/plugin.video.pftvso/icons/pftv/1.png'
2015-08-17 10:39:22: Copy New 'C:/Users/Natko/Desktop/Natko/GIT/repo.natko1412/plugin.video.pftvso/icons/pftv/2.png' -> 'ftp://ftp.offshoregit.com/plugin.video.pftvso/icons/pftv/2.png'
2015-08-17 10:39:24: Copy New 'C:/Users/Natko/Desktop/Natko/GIT/repo.natko1412/plugin.video.pftvso/icons/pftv/3.png' -> 'ftp://ftp.offshoregit.com/plugin.video.pftvso/icons/pftv/3.png'
2015-08-17 10:39:27: Copy New 'C:/Users/Natko/Desktop/Natko/GIT/repo.natko1412/plugin.video.pftvso/icons/pftv/4.png' -> 'ftp://ftp.offshoregit.com/plugin.video.pftvso/icons/pftv/4.png'
2015-08-17 10:39:28: Copy New 'C:/Users/Natko/Desktop/Natko/GIT/repo.natko1412/plugin.video.pftvso/icons/pftv/5.png' -> 'ftp://ftp.offshoregit.com/plugin.video.pftvso/icons/pftv/5.png'
2015-08-17 10:39:31: Copy New 'C:/Users/Natko/Desktop/Natko/GIT/repo.natko1412/plugin.video.pftvso/icons/pftv/6.png' -> 'ftp://ftp.offshoregit.com/plugin.video.pftvso/icons/pftv/6.png'
2015-08-17 10:39:33: Copy New 'C:/Users/Natko/Desktop/Natko/GIT/repo.natko1412/plugin.video.pftvso/icons/pftv/7.png' -> 'ftp://ftp.offshoregit.com/plugin.video.pftvso/icons/pftv/7.png'
2015-08-17 10:39:36: Copy New 'C:/Users/Natko/Desktop/Natko/GIT/repo.natko1412/plugin.video.pftvso/icons/pftv/8.png' -> 'ftp://ftp.offshoregit.com/plugin.video.pftvso/icons/pftv/8.png'
2015-08-17 10:39:40: Copy New 'C:/Users/Natko/Desktop/Natko/GIT/repo.natko1412/plugin.video.pftvso/icons/pftv/9.png' -> 'ftp://ftp.offshoregit.com/plugin.video.pftvso/icons/pftv/9.png'
2015-08-17 10:39:43: Copy New 'C:/Users/Natko/Desktop/Natko/GIT/repo.natko1412/plugin.video.pftvso/icons/pftv/A.png' -> 'ftp://ftp.offshoregit.com/plugin.video.pftvso/icons/pftv/A.png'
2015-08-17 10:39:45: Copy New 'C:/Users/Natko/Desktop/Natko/GIT/repo.natko1412/plugin.video.pftvso/icons/pftv/All_Shows.png' -> 'ftp://ftp.offshoregit.com/plugin.video.pftvso/icons/pftv/All_Shows.png'
2015-08-17 10:39:47: Copy New 'C:/Users/Natko/Desktop/Natko/GIT/repo.natko1412/plugin.video.pftvso/icons/pftv/AZ.png' -> 'ftp://ftp.offshoregit.com/plugin.video.pftvso/icons/pftv/AZ.png'
2015-08-17 10:39:50: Copy New 'C:/Users/Natko/Desktop/Natko/GIT/repo.natko1412/plugin.video.pftvso/icons/pftv/B.png' -> 'ftp://ftp.offshoregit.com/plugin.video.pftvso/icons/pftv/B.png'
2015-08-17 10:39:54: Copy New 'C:/Users/Natko/Desktop/Natko/GIT/repo.natko1412/plugin.video.pftvso/icons/pftv/C.png' -> 'ftp://ftp.offshoregit.com/plugin.video.pftvso/icons/pftv/C.png'
2015-08-17 10:39:58: Copy New 'C:/Users/Natko/Desktop/Natko/GIT/repo.natko1412/plugin.video.pftvso/icons/pftv/Calendar.png' -> 'ftp://ftp.offshoregit.com/plugin.video.pftvso/icons/pftv/Calendar.png'
2015-08-17 10:40:00: Copy New 'C:/Users/Natko/Desktop/Natko/GIT/repo.natko1412/plugin.video.pftvso/icons/pftv/D.png' -> 'ftp://ftp.offshoregit.com/plugin.video.pftvso/icons/pftv/D.png'
2015-08-17 10:40:03: Copy New 'C:/Users/Natko/Desktop/Natko/GIT/repo.natko1412/plugin.video.pftvso/icons/pftv/E.png' -> 'ftp://ftp.offshoregit.com/plugin.video.pftvso/icons/pftv/E.png'
2015-08-17 10:40:04: Copy New 'C:/Users/Natko/Desktop/Natko/GIT/repo.natko1412/plugin.video.pftvso/icons/pftv/F.png' -> 'ftp://ftp.offshoregit.com/plugin.video.pftvso/icons/pftv/F.png'
2015-08-17 10:40:24: Copy New 'C:/Users/Natko/Desktop/Natko/GIT/repo.natko1412/plugin.video.pftvso/icons/pftv/fanart.jpg' -> 'ftp://ftp.offshoregit.com/plugin.video.pftvso/icons/pftv/fanart.jpg'
2015-08-17 10:40:27: Copy New 'C:/Users/Natko/Desktop/Natko/GIT/repo.natko1412/plugin.video.pftvso/icons/pftv/Favourites.png' -> 'ftp://ftp.offshoregit.com/plugin.video.pftvso/icons/pftv/Favourites.png'
2015-08-17 10:40:33: Copy New 'C:/Users/Natko/Desktop/Natko/GIT/repo.natko1412/plugin.video.pftvso/icons/pftv/G.png' -> 'ftp://ftp.offshoregit.com/plugin.video.pftvso/icons/pftv/G.png'
2015-08-17 10:40:39: Copy New 'C:/Users/Natko/Desktop/Natko/GIT/repo.natko1412/plugin.video.pftvso/icons/pftv/Genre.png' -> 'ftp://ftp.offshoregit.com/plugin.video.pftvso/icons/pftv/Genre.png'
2015-08-17 10:40:40: Copy New 'C:/Users/Natko/Desktop/Natko/GIT/repo.natko1412/plugin.video.pftvso/icons/pftv/H.png' -> 'ftp://ftp.offshoregit.com/plugin.video.pftvso/icons/pftv/H.png'
2015-08-17 10:40:42: Copy New 'C:/Users/Natko/Desktop/Natko/GIT/repo.natko1412/plugin.video.pftvso/icons/pftv/I.png' -> 'ftp://ftp.offshoregit.com/plugin.video.pftvso/icons/pftv/I.png'
2015-08-17 10:40:47: Copy New 'C:/Users/Natko/Desktop/Natko/GIT/repo.natko1412/plugin.video.pftvso/icons/pftv/icon.png' -> 'ftp://ftp.offshoregit.com/plugin.video.pftvso/icons/pftv/icon.png'
2015-08-17 10:40:49: Copy New 'C:/Users/Natko/Desktop/Natko/GIT/repo.natko1412/plugin.video.pftvso/icons/pftv/J.png' -> 'ftp://ftp.offshoregit.com/plugin.video.pftvso/icons/pftv/J.png'
2015-08-17 10:40:52: Copy New 'C:/Users/Natko/Desktop/Natko/GIT/repo.natko1412/plugin.video.pftvso/icons/pftv/K.png' -> 'ftp://ftp.offshoregit.com/plugin.video.pftvso/icons/pftv/K.png'
2015-08-17 10:40:55: Copy New 'C:/Users/Natko/Desktop/Natko/GIT/repo.natko1412/plugin.video.pftvso/icons/pftv/L.png' -> 'ftp://ftp.offshoregit.com/plugin.video.pftvso/icons/pftv/L.png'
2015-08-17 10:40:58: Copy New 'C:/Users/Natko/Desktop/Natko/GIT/repo.natko1412/plugin.video.pftvso/icons/pftv/Last_24_Hours.png' -> 'ftp://ftp.offshoregit.com/plugin.video.pftvso/icons/pftv/Last_24_Hours.png'
2015-08-17 10:41:02: Copy New 'C:/Users/Natko/Desktop/Natko/GIT/repo.natko1412/plugin.video.pftvso/icons/pftv/Last_3_Days.png' -> 'ftp://ftp.offshoregit.com/plugin.video.pftvso/icons/pftv/Last_3_Days.png'
2015-08-17 10:41:06: Copy New 'C:/Users/Natko/Desktop/Natko/GIT/repo.natko1412/plugin.video.pftvso/icons/pftv/Last_7_Days.png' -> 'ftp://ftp.offshoregit.com/plugin.video.pftvso/icons/pftv/Last_7_Days.png'
2015-08-17 10:41:09: Copy New 'C:/Users/Natko/Desktop/Natko/GIT/repo.natko1412/plugin.video.pftvso/icons/pftv/Last_90_Days.png' -> 'ftp://ftp.offshoregit.com/plugin.video.pftvso/icons/pftv/Last_90_Days.png'
2015-08-17 10:41:13: Copy New 'C:/Users/Natko/Desktop/Natko/GIT/repo.natko1412/plugin.video.pftvso/icons/pftv/Latest_Added.png' -> 'ftp://ftp.offshoregit.com/plugin.video.pftvso/icons/pftv/Latest_Added.png'
2015-08-17 10:41:14: Copy New 'C:/Users/Natko/Desktop/Natko/GIT/repo.natko1412/plugin.video.pftvso/icons/pftv/M.png' -> 'ftp://ftp.offshoregit.com/plugin.video.pftvso/icons/pftv/M.png'
2015-08-17 10:41:20: Copy New 'C:/Users/Natko/Desktop/Natko/GIT/repo.natko1412/plugin.video.pftvso/icons/pftv/Movies.png' -> 'ftp://ftp.offshoregit.com/plugin.video.pftvso/icons/pftv/Movies.png'
2015-08-17 10:41:22: Copy New 'C:/Users/Natko/Desktop/Natko/GIT/repo.natko1412/plugin.video.pftvso/icons/pftv/N.png' -> 'ftp://ftp.offshoregit.com/plugin.video.pftvso/icons/pftv/N.png'
2015-08-17 10:41:24: Copy New 'C:/Users/Natko/Desktop/Natko/GIT/repo.natko1412/plugin.video.pftvso/icons/pftv/Next.png' -> 'ftp://ftp.offshoregit.com/plugin.video.pftvso/icons/pftv/Next.png'
2015-08-17 10:41:26: Copy New 'C:/Users/Natko/Desktop/Natko/GIT/repo.natko1412/plugin.video.pftvso/icons/pftv/O.png' -> 'ftp://ftp.offshoregit.com/plugin.video.pftvso/icons/pftv/O.png'
2015-08-17 10:41:28: Copy New 'C:/Users/Natko/Desktop/Natko/GIT/repo.natko1412/plugin.video.pftvso/icons/pftv/P.png' -> 'ftp://ftp.offshoregit.com/plugin.video.pftvso/icons/pftv/P.png'
2015-08-17 10:41:34: Copy New 'C:/Users/Natko/Desktop/Natko/GIT/repo.natko1412/plugin.video.pftvso/icons/pftv/Popular.png' -> 'ftp://ftp.offshoregit.com/plugin.video.pftvso/icons/pftv/Popular.png'
2015-08-17 10:41:36: Copy New 'C:/Users/Natko/Desktop/Natko/GIT/repo.natko1412/plugin.video.pftvso/icons/pftv/Q.png' -> 'ftp://ftp.offshoregit.com/plugin.video.pftvso/icons/pftv/Q.png'
2015-08-17 10:41:38: Copy New 'C:/Users/Natko/Desktop/Natko/GIT/repo.natko1412/plugin.video.pftvso/icons/pftv/R.png' -> 'ftp://ftp.offshoregit.com/plugin.video.pftvso/icons/pftv/R.png'
2015-08-17 10:41:41: Copy New 'C:/Users/Natko/Desktop/Natko/GIT/repo.natko1412/plugin.video.pftvso/icons/pftv/S.png' -> 'ftp://ftp.offshoregit.com/plugin.video.pftvso/icons/pftv/S.png'
2015-08-17 10:41:44: Copy New 'C:/Users/Natko/Desktop/Natko/GIT/repo.natko1412/plugin.video.pftvso/icons/pftv/Search.png' -> 'ftp://ftp.offshoregit.com/plugin.video.pftvso/icons/pftv/Search.png'
2015-08-17 10:41:52: Copy New 'C:/Users/Natko/Desktop/Natko/GIT/repo.natko1412/plugin.video.pftvso/icons/pftv/Settings.png' -> 'ftp://ftp.offshoregit.com/plugin.video.pftvso/icons/pftv/Settings.png'
2015-08-17 10:41:55: Copy New 'C:/Users/Natko/Desktop/Natko/GIT/repo.natko1412/plugin.video.pftvso/icons/pftv/T.png' -> 'ftp://ftp.offshoregit.com/plugin.video.pftvso/icons/pftv/T.png'
2015-08-17 10:41:58: Copy New 'C:/Users/Natko/Desktop/Natko/GIT/repo.natko1412/plugin.video.pftvso/icons/pftv/This_Month.png' -> 'ftp://ftp.offshoregit.com/plugin.video.pftvso/icons/pftv/This_Month.png'
2015-08-17 10:42:01: Copy New 'C:/Users/Natko/Desktop/Natko/GIT/repo.natko1412/plugin.video.pftvso/icons/pftv/TV_Shows.png' -> 'ftp://ftp.offshoregit.com/plugin.video.pftvso/icons/pftv/TV_Shows.png'
2015-08-17 10:42:04: Copy New 'C:/Users/Natko/Desktop/Natko/GIT/repo.natko1412/plugin.video.pftvso/icons/pftv/U.png' -> 'ftp://ftp.offshoregit.com/plugin.video.pftvso/icons/pftv/U.png'
2015-08-17 10:42:09: Copy New 'C:/Users/Natko/Desktop/Natko/GIT/repo.natko1412/plugin.video.pftvso/icons/pftv/Upcoming.png' -> 'ftp://ftp.offshoregit.com/plugin.video.pftvso/icons/pftv/Upcoming.png'
2015-08-17 10:42:12: Copy New 'C:/Users/Natko/Desktop/Natko/GIT/repo.natko1412/plugin.video.pftvso/icons/pftv/V.png' -> 'ftp://ftp.offshoregit.com/plugin.video.pftvso/icons/pftv/V.png'
2015-08-17 10:42:15: Copy New 'C:/Users/Natko/Desktop/Natko/GIT/repo.natko1412/plugin.video.pftvso/icons/pftv/W.png' -> 'ftp://ftp.offshoregit.com/plugin.video.pftvso/icons/pftv/W.png'
2015-08-17 10:42:18: Copy New 'C:/Users/Natko/Desktop/Natko/GIT/repo.natko1412/plugin.video.pftvso/icons/pftv/X.png' -> 'ftp://ftp.offshoregit.com/plugin.video.pftvso/icons/pftv/X.png'
2015-08-17 10:42:20: Copy New 'C:/Users/Natko/Desktop/Natko/GIT/repo.natko1412/plugin.video.pftvso/icons/pftv/Y.png' -> 'ftp://ftp.offshoregit.com/plugin.video.pftvso/icons/pftv/Y.png'
2015-08-17 10:42:23: Copy New 'C:/Users/Natko/Desktop/Natko/GIT/repo.natko1412/plugin.video.pftvso/icons/pftv/Year.png' -> 'ftp://ftp.offshoregit.com/plugin.video.pftvso/icons/pftv/Year.png'
2015-08-17 10:42:26: Copy New 'C:/Users/Natko/Desktop/Natko/GIT/repo.natko1412/plugin.video.pftvso/icons/pftv/Z.png' -> 'ftp://ftp.offshoregit.com/plugin.video.pftvso/icons/pftv/Z.png'
2015-08-17 10:42:28: Copy Over 'C:/Users/Natko/Desktop/Natko/GIT/repo.natko1412/plugin.video.pftvso/icons/simple/All_Shows.png' -> 'ftp://ftp.offshoregit.com/plugin.video.pftvso/icons/simple/All_Shows.png'
2015-08-17 10:42:29: Copy Over 'C:/Users/Natko/Desktop/Natko/GIT/repo.natko1412/plugin.video.pftvso/icons/simple/AZ.png' -> 'ftp://ftp.offshoregit.com/plugin.video.pftvso/icons/simple/AZ.png'
2015-08-17 10:42:30: Copy New 'C:/Users/Natko/Desktop/Natko/GIT/repo.natko1412/plugin.video.pftvso/icons/simple/Calendar.png' -> 'ftp://ftp.offshoregit.com/plugin.video.pftvso/icons/simple/Calendar.png'
2015-08-17 10:42:31: Copy New 'C:/Users/Natko/Desktop/Natko/GIT/repo.natko1412/plugin.video.pftvso/icons/simple/fanart.jpg' -> 'ftp://ftp.offshoregit.com/plugin.video.pftvso/icons/simple/fanart.jpg'
2015-08-17 10:42:32: Copy Over 'C:/Users/Natko/Desktop/Natko/GIT/repo.natko1412/plugin.video.pftvso/icons/simple/Favourites.png' -> 'ftp://ftp.offshoregit.com/plugin.video.pftvso/icons/simple/Favourites.png'
2015-08-17 10:42:33: Copy Over 'C:/Users/Natko/Desktop/Natko/GIT/repo.natko1412/plugin.video.pftvso/icons/simple/Genre.png' -> 'ftp://ftp.offshoregit.com/plugin.video.pftvso/icons/simple/Genre.png'
2015-08-17 10:42:34: Copy Over 'C:/Users/Natko/Desktop/Natko/GIT/repo.natko1412/plugin.video.pftvso/icons/simple/icon.png' -> 'ftp://ftp.offshoregit.com/plugin.video.pftvso/icons/simple/icon.png'
2015-08-17 10:42:34: Copy Over 'C:/Users/Natko/Desktop/Natko/GIT/repo.natko1412/plugin.video.pftvso/icons/simple/Last_24_Hours.png' -> 'ftp://ftp.offshoregit.com/plugin.video.pftvso/icons/simple/Last_24_Hours.png'
2015-08-17 10:42:36: Copy Over 'C:/Users/Natko/Desktop/Natko/GIT/repo.natko1412/plugin.video.pftvso/icons/simple/Last_3_Days.png' -> 'ftp://ftp.offshoregit.com/plugin.video.pftvso/icons/simple/Last_3_Days.png'
2015-08-17 10:42:38: Copy Over 'C:/Users/Natko/Desktop/Natko/GIT/repo.natko1412/plugin.video.pftvso/icons/simple/Last_90_Days.png' -> 'ftp://ftp.offshoregit.com/plugin.video.pftvso/icons/simple/Last_90_Days.png'
2015-08-17 10:42:38: Copy Over 'C:/Users/Natko/Desktop/Natko/GIT/repo.natko1412/plugin.video.pftvso/icons/simple/Latest_Added.png' -> 'ftp://ftp.offshoregit.com/plugin.video.pftvso/icons/simple/Latest_Added.png'
2015-08-17 10:42:39: Copy Over 'C:/Users/Natko/Desktop/Natko/GIT/repo.natko1412/plugin.video.pftvso/icons/simple/Movies.png' -> 'ftp://ftp.offshoregit.com/plugin.video.pftvso/icons/simple/Movies.png'
2015-08-17 10:42:40: Copy Over 'C:/Users/Natko/Desktop/Natko/GIT/repo.natko1412/plugin.video.pftvso/icons/simple/Next.png' -> 'ftp://ftp.offshoregit.com/plugin.video.pftvso/icons/simple/Next.png'
2015-08-17 10:42:41: Copy Over 'C:/Users/Natko/Desktop/Natko/GIT/repo.natko1412/plugin.video.pftvso/icons/simple/Popular.png' -> 'ftp://ftp.offshoregit.com/plugin.video.pftvso/icons/simple/Popular.png'
2015-08-17 10:42:42: Copy Over 'C:/Users/Natko/Desktop/Natko/GIT/repo.natko1412/plugin.video.pftvso/icons/simple/Search.png' -> 'ftp://ftp.offshoregit.com/plugin.video.pftvso/icons/simple/Search.png'
2015-08-17 10:42:43: Copy Over 'C:/Users/Natko/Desktop/Natko/GIT/repo.natko1412/plugin.video.pftvso/icons/simple/Settings.png' -> 'ftp://ftp.offshoregit.com/plugin.video.pftvso/icons/simple/Settings.png'
2015-08-17 10:42:44: Copy Over 'C:/Users/Natko/Desktop/Natko/GIT/repo.natko1412/plugin.video.pftvso/icons/simple/This_Month.png' -> 'ftp://ftp.offshoregit.com/plugin.video.pftvso/icons/simple/This_Month.png'
2015-08-17 10:42:44: Copy Over 'C:/Users/Natko/Desktop/Natko/GIT/repo.natko1412/plugin.video.pftvso/icons/simple/TV_Shows.png' -> 'ftp://ftp.offshoregit.com/plugin.video.pftvso/icons/simple/TV_Shows.png'
2015-08-17 10:42:45: Copy Over 'C:/Users/Natko/Desktop/Natko/GIT/repo.natko1412/plugin.video.pftvso/icons/simple/Upcoming.png' -> 'ftp://ftp.offshoregit.com/plugin.video.pftvso/icons/simple/Upcoming.png'
2015-08-17 10:42:46: Copy Over 'C:/Users/Natko/Desktop/Natko/GIT/repo.natko1412/plugin.video.pftvso/icons/simple/Year.png' -> 'ftp://ftp.offshoregit.com/plugin.video.pftvso/icons/simple/Year.png'
2015-08-17 10:42:46: Copy Over 'C:/Users/Natko/Desktop/Natko/GIT/repo.natko1412/plugin.video.pftvso/pftvso.py' -> 'ftp://ftp.offshoregit.com/plugin.video.pftvso/pftvso.py'
2015-08-17 10:42:47: Copy Over 'C:/Users/Natko/Desktop/Natko/GIT/repo.natko1412/plugin.video.pftvso/pftvso.pyo' -> 'ftp://ftp.offshoregit.com/plugin.video.pftvso/pftvso.pyo'
2015-08-17 10:45:23: Copy New 'C:/Users/Natko/Desktop/Natko/GIT/repo.natko1412/plugin.video.pftvso/plugin.video.pftvso-0.2.0.zip' -> 'ftp://ftp.offshoregit.com/plugin.video.pftvso/plugin.video.pftvso-0.2.0.zip'
2015-08-17 10:45:23: Copy Over 'C:/Users/Natko/Desktop/Natko/GIT/repo.natko1412/plugin.video.pftvso/resources/settings.xml' -> 'ftp://ftp.offshoregit.com/plugin.video.pftvso/resources/settings.xml'
2015-08-17 10:45:24: Copy Over 'C:/Users/Natko/Desktop/Natko/GIT/repo.natko1412/zips/plugin.video.pftvso/addon.xml' -> 'ftp://ftp.offshoregit.com/zips/plugin.video.pftvso/addon.xml'
2015-08-17 10:45:25: Copy Over 'C:/Users/Natko/Desktop/Natko/GIT/repo.natko1412/zips/plugin.video.pftvso/changelog.txt' -> 'ftp://ftp.offshoregit.com/zips/plugin.video.pftvso/changelog.txt'
2015-08-17 10:45:26: Copy Over 'C:/Users/Natko/Desktop/Natko/GIT/repo.natko1412/zips/plugin.video.pftvso/commondownloader.py' -> 'ftp://ftp.offshoregit.com/zips/plugin.video.pftvso/commondownloader.py'
2015-08-17 10:45:26: Copy Over 'C:/Users/Natko/Desktop/Natko/GIT/repo.natko1412/zips/plugin.video.pftvso/commondownloader.pyo' -> 'ftp://ftp.offshoregit.com/zips/plugin.video.pftvso/commondownloader.pyo'
2015-08-17 10:45:28: Copy Over 'C:/Users/Natko/Desktop/Natko/GIT/repo.natko1412/zips/plugin.video.pftvso/default.py' -> 'ftp://ftp.offshoregit.com/zips/plugin.video.pftvso/default.py'
2015-08-17 10:45:50: Copy Over 'C:/Users/Natko/Desktop/Natko/GIT/repo.natko1412/zips/plugin.video.pftvso/fanart.jpg' -> 'ftp://ftp.offshoregit.com/zips/plugin.video.pftvso/fanart.jpg'
2015-08-17 10:46:00: Copy Over 'C:/Users/Natko/Desktop/Natko/GIT/repo.natko1412/zips/plugin.video.pftvso/icon.png' -> 'ftp://ftp.offshoregit.com/zips/plugin.video.pftvso/icon.png'
2015-08-17 10:46:02: Copy New 'C:/Users/Natko/Desktop/Natko/GIT/repo.natko1412/zips/plugin.video.pftvso/icons/pftv/0.png' -> 'ftp://ftp.offshoregit.com/zips/plugin.video.pftvso/icons/pftv/0.png'
2015-08-17 10:46:03: Copy New 'C:/Users/Natko/Desktop/Natko/GIT/repo.natko1412/zips/plugin.video.pftvso/icons/pftv/1.png' -> 'ftp://ftp.offshoregit.com/zips/plugin.video.pftvso/icons/pftv/1.png'
2015-08-17 10:46:05: Copy New 'C:/Users/Natko/Desktop/Natko/GIT/repo.natko1412/zips/plugin.video.pftvso/icons/pftv/2.png' -> 'ftp://ftp.offshoregit.com/zips/plugin.video.pftvso/icons/pftv/2.png'
2015-08-17 10:46:08: Copy New 'C:/Users/Natko/Desktop/Natko/GIT/repo.natko1412/zips/plugin.video.pftvso/icons/pftv/3.png' -> 'ftp://ftp.offshoregit.com/zips/plugin.video.pftvso/icons/pftv/3.png'
2015-08-17 10:46:10: Copy New 'C:/Users/Natko/Desktop/Natko/GIT/repo.natko1412/zips/plugin.video.pftvso/icons/pftv/4.png' -> 'ftp://ftp.offshoregit.com/zips/plugin.video.pftvso/icons/pftv/4.png'
2015-08-17 10:46:13: Copy New 'C:/Users/Natko/Desktop/Natko/GIT/repo.natko1412/zips/plugin.video.pftvso/icons/pftv/5.png' -> 'ftp://ftp.offshoregit.com/zips/plugin.video.pftvso/icons/pftv/5.png'
2015-08-17 10:46:15: Copy New 'C:/Users/Natko/Desktop/Natko/GIT/repo.natko1412/zips/plugin.video.pftvso/icons/pftv/6.png' -> 'ftp://ftp.offshoregit.com/zips/plugin.video.pftvso/icons/pftv/6.png'
2015-08-17 10:46:17: Copy New 'C:/Users/Natko/Desktop/Natko/GIT/repo.natko1412/zips/plugin.video.pftvso/icons/pftv/7.png' -> 'ftp://ftp.offshoregit.com/zips/plugin.video.pftvso/icons/pftv/7.png'
2015-08-17 10:46:20: Copy New 'C:/Users/Natko/Desktop/Natko/GIT/repo.natko1412/zips/plugin.video.pftvso/icons/pftv/8.png' -> 'ftp://ftp.offshoregit.com/zips/plugin.video.pftvso/icons/pftv/8.png'
2015-08-17 10:46:23: Copy New 'C:/Users/Natko/Desktop/Natko/GIT/repo.natko1412/zips/plugin.video.pftvso/icons/pftv/9.png' -> 'ftp://ftp.offshoregit.com/zips/plugin.video.pftvso/icons/pftv/9.png'
2015-08-17 10:46:25: Copy New 'C:/Users/Natko/Desktop/Natko/GIT/repo.natko1412/zips/plugin.video.pftvso/icons/pftv/A.png' -> 'ftp://ftp.offshoregit.com/zips/plugin.video.pftvso/icons/pftv/A.png'
2015-08-17 10:46:28: Copy New 'C:/Users/Natko/Desktop/Natko/GIT/repo.natko1412/zips/plugin.video.pftvso/icons/pftv/All_Shows.png' -> 'ftp://ftp.offshoregit.com/zips/plugin.video.pftvso/icons/pftv/All_Shows.png'
2015-08-17 10:46:31: Copy New 'C:/Users/Natko/Desktop/Natko/GIT/repo.natko1412/zips/plugin.video.pftvso/icons/pftv/AZ.png' -> 'ftp://ftp.offshoregit.com/zips/plugin.video.pftvso/icons/pftv/AZ.png'
2015-08-17 10:46:32: Copy New 'C:/Users/Natko/Desktop/Natko/GIT/repo.natko1412/zips/plugin.video.pftvso/icons/pftv/B.png' -> 'ftp://ftp.offshoregit.com/zips/plugin.video.pftvso/icons/pftv/B.png'
2015-08-17 10:46:35: Copy New 'C:/Users/Natko/Desktop/Natko/GIT/repo.natko1412/zips/plugin.video.pftvso/icons/pftv/C.png' -> 'ftp://ftp.offshoregit.com/zips/plugin.video.pftvso/icons/pftv/C.png'
2015-08-17 10:46:39: Copy New 'C:/Users/Natko/Desktop/Natko/GIT/repo.natko1412/zips/plugin.video.pftvso/icons/pftv/Calendar.png' -> 'ftp://ftp.offshoregit.com/zips/plugin.video.pftvso/icons/pftv/Calendar.png'
2015-08-17 10:46:41: Copy New 'C:/Users/Natko/Desktop/Natko/GIT/repo.natko1412/zips/plugin.video.pftvso/icons/pftv/D.png' -> 'ftp://ftp.offshoregit.com/zips/plugin.video.pftvso/icons/pftv/D.png'
2015-08-17 10:46:43: Copy New 'C:/Users/Natko/Desktop/Natko/GIT/repo.natko1412/zips/plugin.video.pftvso/icons/pftv/E.png' -> 'ftp://ftp.offshoregit.com/zips/plugin.video.pftvso/icons/pftv/E.png'
2015-08-17 10:46:45: Copy New 'C:/Users/Natko/Desktop/Natko/GIT/repo.natko1412/zips/plugin.video.pftvso/icons/pftv/F.png' -> 'ftp://ftp.offshoregit.com/zips/plugin.video.pftvso/icons/pftv/F.png'
2015-08-17 10:47:06: Copy New 'C:/Users/Natko/Desktop/Natko/GIT/repo.natko1412/zips/plugin.video.pftvso/icons/pftv/fanart.jpg' -> 'ftp://ftp.offshoregit.com/zips/plugin.video.pftvso/icons/pftv/fanart.jpg'
2015-08-17 10:47:09: Copy New 'C:/Users/Natko/Desktop/Natko/GIT/repo.natko1412/zips/plugin.video.pftvso/icons/pftv/Favourites.png' -> 'ftp://ftp.offshoregit.com/zips/plugin.video.pftvso/icons/pftv/Favourites.png'
2015-08-17 10:47:11: Copy New 'C:/Users/Natko/Desktop/Natko/GIT/repo.natko1412/zips/plugin.video.pftvso/icons/pftv/G.png' -> 'ftp://ftp.offshoregit.com/zips/plugin.video.pftvso/icons/pftv/G.png'
2015-08-17 10:47:17: Copy New 'C:/Users/Natko/Desktop/Natko/GIT/repo.natko1412/zips/plugin.video.pftvso/icons/pftv/Genre.png' -> 'ftp://ftp.offshoregit.com/zips/plugin.video.pftvso/icons/pftv/Genre.png'
2015-08-17 10:47:19: Copy New 'C:/Users/Natko/Desktop/Natko/GIT/repo.natko1412/zips/plugin.video.pftvso/icons/pftv/H.png' -> 'ftp://ftp.offshoregit.com/zips/plugin.video.pftvso/icons/pftv/H.png'
2015-08-17 10:47:21: Copy New 'C:/Users/Natko/Desktop/Natko/GIT/repo.natko1412/zips/plugin.video.pftvso/icons/pftv/I.png' -> 'ftp://ftp.offshoregit.com/zips/plugin.video.pftvso/icons/pftv/I.png'
2015-08-17 10:47:27: Copy New 'C:/Users/Natko/Desktop/Natko/GIT/repo.natko1412/zips/plugin.video.pftvso/icons/pftv/icon.png' -> 'ftp://ftp.offshoregit.com/zips/plugin.video.pftvso/icons/pftv/icon.png'
2015-08-17 10:47:28: Copy New 'C:/Users/Natko/Desktop/Natko/GIT/repo.natko1412/zips/plugin.video.pftvso/icons/pftv/J.png' -> 'ftp://ftp.offshoregit.com/zips/plugin.video.pftvso/icons/pftv/J.png'
2015-08-17 10:47:31: Copy New 'C:/Users/Natko/Desktop/Natko/GIT/repo.natko1412/zips/plugin.video.pftvso/icons/pftv/K.png' -> 'ftp://ftp.offshoregit.com/zips/plugin.video.pftvso/icons/pftv/K.png'
2015-08-17 10:47:34: Copy New 'C:/Users/Natko/Desktop/Natko/GIT/repo.natko1412/zips/plugin.video.pftvso/icons/pftv/L.png' -> 'ftp://ftp.offshoregit.com/zips/plugin.video.pftvso/icons/pftv/L.png'
2015-08-17 10:47:38: Copy New 'C:/Users/Natko/Desktop/Natko/GIT/repo.natko1412/zips/plugin.video.pftvso/icons/pftv/Last_24_Hours.png' -> 'ftp://ftp.offshoregit.com/zips/plugin.video.pftvso/icons/pftv/Last_24_Hours.png'
2015-08-17 10:47:42: Copy New 'C:/Users/Natko/Desktop/Natko/GIT/repo.natko1412/zips/plugin.video.pftvso/icons/pftv/Last_3_Days.png' -> 'ftp://ftp.offshoregit.com/zips/plugin.video.pftvso/icons/pftv/Last_3_Days.png'
2015-08-17 10:47:46: Copy New 'C:/Users/Natko/Desktop/Natko/GIT/repo.natko1412/zips/plugin.video.pftvso/icons/pftv/Last_7_Days.png' -> 'ftp://ftp.offshoregit.com/zips/plugin.video.pftvso/icons/pftv/Last_7_Days.png'
2015-08-17 10:47:50: Copy New 'C:/Users/Natko/Desktop/Natko/GIT/repo.natko1412/zips/plugin.video.pftvso/icons/pftv/Last_90_Days.png' -> 'ftp://ftp.offshoregit.com/zips/plugin.video.pftvso/icons/pftv/Last_90_Days.png'
2015-08-17 10:47:55: Copy New 'C:/Users/Natko/Desktop/Natko/GIT/repo.natko1412/zips/plugin.video.pftvso/icons/pftv/Latest_Added.png' -> 'ftp://ftp.offshoregit.com/zips/plugin.video.pftvso/icons/pftv/Latest_Added.png'
2015-08-17 10:47:58: Copy New 'C:/Users/Natko/Desktop/Natko/GIT/repo.natko1412/zips/plugin.video.pftvso/icons/pftv/M.png' -> 'ftp://ftp.offshoregit.com/zips/plugin.video.pftvso/icons/pftv/M.png'
2015-08-17 10:48:04: Copy New 'C:/Users/Natko/Desktop/Natko/GIT/repo.natko1412/zips/plugin.video.pftvso/icons/pftv/Movies.png' -> 'ftp://ftp.offshoregit.com/zips/plugin.video.pftvso/icons/pftv/Movies.png'
2015-08-17 10:48:06: Copy New 'C:/Users/Natko/Desktop/Natko/GIT/repo.natko1412/zips/plugin.video.pftvso/icons/pftv/N.png' -> 'ftp://ftp.offshoregit.com/zips/plugin.video.pftvso/icons/pftv/N.png'
2015-08-17 10:48:08: Copy New 'C:/Users/Natko/Desktop/Natko/GIT/repo.natko1412/zips/plugin.video.pftvso/icons/pftv/Next.png' -> 'ftp://ftp.offshoregit.com/zips/plugin.video.pftvso/icons/pftv/Next.png'
2015-08-17 10:48:11: Copy New 'C:/Users/Natko/Desktop/Natko/GIT/repo.natko1412/zips/plugin.video.pftvso/icons/pftv/O.png' -> 'ftp://ftp.offshoregit.com/zips/plugin.video.pftvso/icons/pftv/O.png'
2015-08-17 10:48:13: Copy New 'C:/Users/Natko/Desktop/Natko/GIT/repo.natko1412/zips/plugin.video.pftvso/icons/pftv/P.png' -> 'ftp://ftp.offshoregit.com/zips/plugin.video.pftvso/icons/pftv/P.png'
2015-08-17 10:48:17: Copy New 'C:/Users/Natko/Desktop/Natko/GIT/repo.natko1412/zips/plugin.video.pftvso/icons/pftv/Popular.png' -> 'ftp://ftp.offshoregit.com/zips/plugin.video.pftvso/icons/pftv/Popular.png'
2015-08-17 10:48:19: Copy New 'C:/Users/Natko/Desktop/Natko/GIT/repo.natko1412/zips/plugin.video.pftvso/icons/pftv/Q.png' -> 'ftp://ftp.offshoregit.com/zips/plugin.video.pftvso/icons/pftv/Q.png'
2015-08-17 10:48:21: Copy New 'C:/Users/Natko/Desktop/Natko/GIT/repo.natko1412/zips/plugin.video.pftvso/icons/pftv/R.png' -> 'ftp://ftp.offshoregit.com/zips/plugin.video.pftvso/icons/pftv/R.png'
2015-08-17 10:48:23: Copy New 'C:/Users/Natko/Desktop/Natko/GIT/repo.natko1412/zips/plugin.video.pftvso/icons/pftv/S.png' -> 'ftp://ftp.offshoregit.com/zips/plugin.video.pftvso/icons/pftv/S.png'
2015-08-17 10:48:27: Copy New 'C:/Users/Natko/Desktop/Natko/GIT/repo.natko1412/zips/plugin.video.pftvso/icons/pftv/Search.png' -> 'ftp://ftp.offshoregit.com/zips/plugin.video.pftvso/icons/pftv/Search.png'
2015-08-17 10:48:30: Copy New 'C:/Users/Natko/Desktop/Natko/GIT/repo.natko1412/zips/plugin.video.pftvso/icons/pftv/Settings.png' -> 'ftp://ftp.offshoregit.com/zips/plugin.video.pftvso/icons/pftv/Settings.png'
2015-08-17 10:48:32: Copy New 'C:/Users/Natko/Desktop/Natko/GIT/repo.natko1412/zips/plugin.video.pftvso/icons/pftv/T.png' -> 'ftp://ftp.offshoregit.com/zips/plugin.video.pftvso/icons/pftv/T.png'
2015-08-17 10:48:37: Copy New 'C:/Users/Natko/Desktop/Natko/GIT/repo.natko1412/zips/plugin.video.pftvso/icons/pftv/This_Month.png' -> 'ftp://ftp.offshoregit.com/zips/plugin.video.pftvso/icons/pftv/This_Month.png'
2015-08-17 10:48:40: Copy New 'C:/Users/Natko/Desktop/Natko/GIT/repo.natko1412/zips/plugin.video.pftvso/icons/pftv/TV_Shows.png' -> 'ftp://ftp.offshoregit.com/zips/plugin.video.pftvso/icons/pftv/TV_Shows.png'
2015-08-17 10:48:42: Copy New 'C:/Users/Natko/Desktop/Natko/GIT/repo.natko1412/zips/plugin.video.pftvso/icons/pftv/U.png' -> 'ftp://ftp.offshoregit.com/zips/plugin.video.pftvso/icons/pftv/U.png'
2015-08-17 10:48:48: Copy New 'C:/Users/Natko/Desktop/Natko/GIT/repo.natko1412/zips/plugin.video.pftvso/icons/pftv/Upcoming.png' -> 'ftp://ftp.offshoregit.com/zips/plugin.video.pftvso/icons/pftv/Upcoming.png'
2015-08-17 10:48:50: Copy New 'C:/Users/Natko/Desktop/Natko/GIT/repo.natko1412/zips/plugin.video.pftvso/icons/pftv/V.png' -> 'ftp://ftp.offshoregit.com/zips/plugin.video.pftvso/icons/pftv/V.png'
2015-08-17 10:48:54: Copy New 'C:/Users/Natko/Desktop/Natko/GIT/repo.natko1412/zips/plugin.video.pftvso/icons/pftv/W.png' -> 'ftp://ftp.offshoregit.com/zips/plugin.video.pftvso/icons/pftv/W.png'
2015-08-17 10:48:56: Copy New 'C:/Users/Natko/Desktop/Natko/GIT/repo.natko1412/zips/plugin.video.pftvso/icons/pftv/X.png' -> 'ftp://ftp.offshoregit.com/zips/plugin.video.pftvso/icons/pftv/X.png'
2015-08-17 10:48:58: Copy New 'C:/Users/Natko/Desktop/Natko/GIT/repo.natko1412/zips/plugin.video.pftvso/icons/pftv/Y.png' -> 'ftp://ftp.offshoregit.com/zips/plugin.video.pftvso/icons/pftv/Y.png'
2015-08-17 10:49:02: Copy New 'C:/Users/Natko/Desktop/Natko/GIT/repo.natko1412/zips/plugin.video.pftvso/icons/pftv/Year.png' -> 'ftp://ftp.offshoregit.com/zips/plugin.video.pftvso/icons/pftv/Year.png'
2015-08-17 10:49:04: Copy New 'C:/Users/Natko/Desktop/Natko/GIT/repo.natko1412/zips/plugin.video.pftvso/icons/pftv/Z.png' -> 'ftp://ftp.offshoregit.com/zips/plugin.video.pftvso/icons/pftv/Z.png'
2015-08-17 10:49:05: Copy Over 'C:/Users/Natko/Desktop/Natko/GIT/repo.natko1412/zips/plugin.video.pftvso/icons/simple/All_Shows.png' -> 'ftp://ftp.offshoregit.com/zips/plugin.video.pftvso/icons/simple/All_Shows.png'
2015-08-17 10:49:09: Copy Over 'C:/Users/Natko/Desktop/Natko/GIT/repo.natko1412/zips/plugin.video.pftvso/icons/simple/AZ.png' -> 'ftp://ftp.offshoregit.com/zips/plugin.video.pftvso/icons/simple/AZ.png'
2015-08-17 10:49:10: Copy New 'C:/Users/Natko/Desktop/Natko/GIT/repo.natko1412/zips/plugin.video.pftvso/icons/simple/Calendar.png' -> 'ftp://ftp.offshoregit.com/zips/plugin.video.pftvso/icons/simple/Calendar.png'
2015-08-17 10:49:12: Copy New 'C:/Users/Natko/Desktop/Natko/GIT/repo.natko1412/zips/plugin.video.pftvso/icons/simple/fanart.jpg' -> 'ftp://ftp.offshoregit.com/zips/plugin.video.pftvso/icons/simple/fanart.jpg'
2015-08-17 10:49:12: Copy Over 'C:/Users/Natko/Desktop/Natko/GIT/repo.natko1412/zips/plugin.video.pftvso/icons/simple/Favourites.png' -> 'ftp://ftp.offshoregit.com/zips/plugin.video.pftvso/icons/simple/Favourites.png'
2015-08-17 10:49:13: Copy Over 'C:/Users/Natko/Desktop/Natko/GIT/repo.natko1412/zips/plugin.video.pftvso/icons/simple/Genre.png' -> 'ftp://ftp.offshoregit.com/zips/plugin.video.pftvso/icons/simple/Genre.png'
2015-08-17 10:49:14: Copy Over 'C:/Users/Natko/Desktop/Natko/GIT/repo.natko1412/zips/plugin.video.pftvso/icons/simple/icon.png' -> 'ftp://ftp.offshoregit.com/zips/plugin.video.pftvso/icons/simple/icon.png'
2015-08-17 10:49:14: Copy Over 'C:/Users/Natko/Desktop/Natko/GIT/repo.natko1412/zips/plugin.video.pftvso/icons/simple/Last_24_Hours.png' -> 'ftp://ftp.offshoregit.com/zips/plugin.video.pftvso/icons/simple/Last_24_Hours.png'
2015-08-17 10:49:15: Copy Over 'C:/Users/Natko/Desktop/Natko/GIT/repo.natko1412/zips/plugin.video.pftvso/icons/simple/Last_3_Days.png' -> 'ftp://ftp.offshoregit.com/zips/plugin.video.pftvso/icons/simple/Last_3_Days.png'
2015-08-17 10:49:17: Copy Over 'C:/Users/Natko/Desktop/Natko/GIT/repo.natko1412/zips/plugin.video.pftvso/icons/simple/Last_90_Days.png' -> 'ftp://ftp.offshoregit.com/zips/plugin.video.pftvso/icons/simple/Last_90_Days.png'
2015-08-17 10:49:18: Copy Over 'C:/Users/Natko/Desktop/Natko/GIT/repo.natko1412/zips/plugin.video.pftvso/icons/simple/Latest_Added.png' -> 'ftp://ftp.offshoregit.com/zips/plugin.video.pftvso/icons/simple/Latest_Added.png'
2015-08-17 10:49:18: Copy Over 'C:/Users/Natko/Desktop/Natko/GIT/repo.natko1412/zips/plugin.video.pftvso/icons/simple/Movies.png' -> 'ftp://ftp.offshoregit.com/zips/plugin.video.pftvso/icons/simple/Movies.png'
2015-08-17 10:49:19: Copy Over 'C:/Users/Natko/Desktop/Natko/GIT/repo.natko1412/zips/plugin.video.pftvso/icons/simple/Next.png' -> 'ftp://ftp.offshoregit.com/zips/plugin.video.pftvso/icons/simple/Next.png'
2015-08-17 10:49:20: Copy Over 'C:/Users/Natko/Desktop/Natko/GIT/repo.natko1412/zips/plugin.video.pftvso/icons/simple/Popular.png' -> 'ftp://ftp.offshoregit.com/zips/plugin.video.pftvso/icons/simple/Popular.png'
2015-08-17 10:49:20: Copy Over 'C:/Users/Natko/Desktop/Natko/GIT/repo.natko1412/zips/plugin.video.pftvso/icons/simple/Search.png' -> 'ftp://ftp.offshoregit.com/zips/plugin.video.pftvso/icons/simple/Search.png'
2015-08-17 10:49:21: Copy Over 'C:/Users/Natko/Desktop/Natko/GIT/repo.natko1412/zips/plugin.video.pftvso/icons/simple/Settings.png' -> 'ftp://ftp.offshoregit.com/zips/plugin.video.pftvso/icons/simple/Settings.png'
2015-08-17 10:49:22: Copy Over 'C:/Users/Natko/Desktop/Natko/GIT/repo.natko1412/zips/plugin.video.pftvso/icons/simple/This_Month.png' -> 'ftp://ftp.offshoregit.com/zips/plugin.video.pftvso/icons/simple/This_Month.png'
2015-08-17 10:49:23: Copy Over 'C:/Users/Natko/Desktop/Natko/GIT/repo.natko1412/zips/plugin.video.pftvso/icons/simple/TV_Shows.png' -> 'ftp://ftp.offshoregit.com/zips/plugin.video.pftvso/icons/simple/TV_Shows.png'
2015-08-17 10:49:24: Copy Over 'C:/Users/Natko/Desktop/Natko/GIT/repo.natko1412/zips/plugin.video.pftvso/icons/simple/Upcoming.png' -> 'ftp://ftp.offshoregit.com/zips/plugin.video.pftvso/icons/simple/Upcoming.png'
2015-08-17 10:49:25: Copy Over 'C:/Users/Natko/Desktop/Natko/GIT/repo.natko1412/zips/plugin.video.pftvso/icons/simple/Year.png' -> 'ftp://ftp.offshoregit.com/zips/plugin.video.pftvso/icons/simple/Year.png'
2015-08-17 10:49:26: Copy Over 'C:/Users/Natko/Desktop/Natko/GIT/repo.natko1412/zips/plugin.video.pftvso/pftvso.py' -> 'ftp://ftp.offshoregit.com/zips/plugin.video.pftvso/pftvso.py'
2015-08-17 10:49:27: Copy Over 'C:/Users/Natko/Desktop/Natko/GIT/repo.natko1412/zips/plugin.video.pftvso/pftvso.pyo' -> 'ftp://ftp.offshoregit.com/zips/plugin.video.pftvso/pftvso.pyo'
2015-08-17 10:51:52: Copy New 'C:/Users/Natko/Desktop/Natko/GIT/repo.natko1412/zips/plugin.video.pftvso/plugin.video.pftvso-0.2.0.zip' -> 'ftp://ftp.offshoregit.com/zips/plugin.video.pftvso/plugin.video.pftvso-0.2.0.zip'
2015-08-17 10:51:54: Copy Over 'C:/Users/Natko/Desktop/Natko/GIT/repo.natko1412/zips/plugin.video.pftvso/resources/settings.xml' -> 'ftp://ftp.offshoregit.com/zips/plugin.video.pftvso/resources/settings.xml'
2015-08-17 10:51:56: == Sync Complete. Time: 00:13:32, Speed: 27,0 KB/s, OK: 181, Errors: 0
2015-08-17 10:51:56: 
